#-----------------------------------------------------------
# Vivado v2018.1 (64-bit)
# SW Build 2188600 on Wed Apr  4 18:40:38 MDT 2018
# IP Build 2185939 on Wed Apr  4 20:55:05 MDT 2018
# Start of session at: Fri Jun  9 00:51:32 2023
# Process ID: 19680
# Current directory: D:/NanoProcessor_G39
# Command line: vivado.exe -gui_launcher_event rodinguilauncherevent19604 D:\NanoProcessor_G39\NanoProcessor_G39.xpr
# Log file: D:/NanoProcessor_G39/vivado.log
# Journal file: D:/NanoProcessor_G39\vivado.jou
#-----------------------------------------------------------
start_gui
open_project D:/NanoProcessor_G39/NanoProcessor_G39.xpr
INFO: [Project 1-313] Project file moved from 'C:/Users/PATRIC/Desktop/NanoProcessor_G39/NanoProcessor_G39' since last save.
Scanning sources...
Finished scanning sources
INFO: [IP_Flow 19-234] Refreshing IP repositories
INFO: [IP_Flow 19-1704] No user IP repositories specified
INFO: [IP_Flow 19-2313] Loaded Vivado IP repository 'C:/Xilinx/Vivado/2018.1/data/ip'.
open_project: Time (s): cpu = 00:00:07 ; elapsed = 00:00:11 . Memory (MB): peak = 873.547 ; gain = 142.441
update_compile_order -fileset sources_1
exit
INFO: [Common 17-206] Exiting Vivado at Fri Jun  9 01:25:57 2023...
