#-----------------------------------------------------------
# Vivado v2018.1 (64-bit)
# SW Build 2188600 on Wed Apr  4 18:40:38 MDT 2018
# IP Build 2185939 on Wed Apr  4 20:55:05 MDT 2018
# Start of session at: Sun Jun  4 23:29:42 2023
# Process ID: 20492
# Current directory: C:/Users/PATRIC/Desktop/NanoProcessor_G39
# Command line: vivado.exe -gui_launcher_event rodinguilauncherevent19416 C:\Users\PATRIC\Desktop\NanoProcessor_G39\NanoProcessor_G39.xpr
# Log file: C:/Users/PATRIC/Desktop/NanoProcessor_G39/vivado.log
# Journal file: C:/Users/PATRIC/Desktop/NanoProcessor_G39\vivado.jou
#-----------------------------------------------------------
start_gui
open_project C:/Users/PATRIC/Desktop/NanoProcessor_G39/NanoProcessor_G39.xpr
Scanning sources...
Finished scanning sources
INFO: [IP_Flow 19-234] Refreshing IP repositories
INFO: [IP_Flow 19-1704] No user IP repositories specified
INFO: [IP_Flow 19-2313] Loaded Vivado IP repository 'C:/Xilinx/Vivado/2018.1/data/ip'.
open_project: Time (s): cpu = 00:00:12 ; elapsed = 00:00:09 . Memory (MB): peak = 819.281 ; gain = 95.750
update_compile_order -fileset sources_1
exit
INFO: [Common 17-206] Exiting Vivado at Sun Jun  4 23:38:01 2023...
